Build started 15/12/2015 9:36:00 PM.
     1>Project "C:\Users\hibar_000\Desktop\Legion\Base\Base.vcxproj" on node 2 (Build target(s)).
     1>ClCompile:
         C:\Program Files (x86)\Microsoft Visual Studio 12.0\VC\bin\CL.exe /c /IC:\Users\hibar_000\Desktop\Legion\/Common/Source /IC:\Users\hibar_000\Desktop\Legion\/glew/include /IC:\Users\hibar_000\Desktop\Legion\/glfw/include /I"C:\Program Files (x86)\Visual Leak Detector\include" /ZI /nologo /W3 /WX- /Od /Oy- /D _VARIADIC_MAX=10 /D WIN32 /D _DEBUG /D _CONSOLE /D _UNICODE /D UNICODE /Gm /EHsc /RTC1 /MDd /GS /fp:precise /Zc:wchar_t /Zc:forScope /Fo"Debug\\" /Fd"Debug\vc120.pdb" /Gd /TP /analyze- /errorReport:prompt Source\SpatialPartition.cpp
     1>cl : Command line warning D9028: minimal rebuild failure, reverting to normal build
         SpatialPartition.cpp
       Link:
         C:\Program Files (x86)\Microsoft Visual Studio 12.0\VC\bin\link.exe /ERRORREPORT:PROMPT /OUT:"C:\Users\hibar_000\Desktop\Legion\Debug\Base.exe" /INCREMENTAL:NO /NOLOGO /LIBPATH:C:\Users\hibar_000\Desktop\Legion\Debug /LIBPATH:"C:\Users\hibar_000\Desktop\Legion\/glfw/lib-msvc100" /LIBPATH:C:\Users\hibar_000\Desktop\Legion\/glew/lib /LIBPATH:"C:\Program Files (x86)\Visual Leak Detector\lib\Win32" Common.lib winmm.lib opengl32.lib glu32.lib glew32.lib glfw3.lib kernel32.lib user32.lib gdi32.lib winspool.lib comdlg32.lib advapi32.lib shell32.lib ole32.lib oleaut32.lib uuid.lib odbc32.lib odbccp32.lib /MANIFEST /MANIFESTUAC:"level='asInvoker' uiAccess='false'" /manifest:embed /DEBUG /PDB:"C:\Users\hibar_000\Desktop\Legion\Debug\Base.pdb" /SUBSYSTEM:CONSOLE /TLBID:1 /DYNAMICBASE /NXCOMPAT /IMPLIB:"C:\Users\hibar_000\Desktop\Legion\Debug\Base.lib" /MACHINE:X86 Debug\ai.obj
         Debug\Application.obj
         Debug\Camera.obj
         Debug\Camera3.obj
         Debug\Enemy.obj
         Debug\GameStateManager.obj
         Debug\GManager.obj
         Debug\GObj.obj
         Debug\Goodies.obj
         Debug\GoodiesFactory.obj
         Debug\Grid.obj
         Debug\IntroState.obj
         Debug\LoadOBJ.obj
         Debug\LoadTGA.obj
         Debug\main.obj
         Debug\Map.obj
         Debug\MenuState.obj
         Debug\Mesh.obj
         Debug\MeshBuilder.obj
         Debug\Minimap.obj
         Debug\Model.obj
         Debug\Node.obj
         Debug\PlayerInfo.obj
         Debug\PlayInfo3PV.obj
         Debug\PlayState.obj
         Debug\SceneIntro.obj
         Debug\SceneManager.obj
         Debug\SceneManager2D.obj
         Debug\SceneMenu.obj
         Debug\SceneNode.obj
         Debug\shader.obj
         Debug\SpatialPartition.obj
         Debug\Strategy.obj
         Debug\Strategy_Kill.obj
         Debug\Transform.obj
         Debug\TreasureChest.obj
         Debug\Utility.obj
     1>ai.obj : warning LNK4075: ignoring '/EDITANDCONTINUE' due to '/OPT:LBR' specification
     1>LINK : warning LNK4098: defaultlib 'MSVCRT' conflicts with use of other libs; use /NODEFAULTLIB:library
         Base.vcxproj -> C:\Users\hibar_000\Desktop\Legion\Debug\Base.exe
     1>Done Building Project "C:\Users\hibar_000\Desktop\Legion\Base\Base.vcxproj" (Build target(s)).

Build succeeded.

Time Elapsed 00:00:00.96
