C:\USERS\TINGYANG\DESKTOP\Y2S2_FRAMEWORK\BASE\DEBUG\APPLICATION.OBJ
C:\Users\TingYang\Desktop\Y2S2_Framework\Base\Debug\Base.write.1.tlog
C:\USERS\TINGYANG\DESKTOP\Y2S2_FRAMEWORK\BASE\DEBUG\CAMERA.OBJ
C:\USERS\TINGYANG\DESKTOP\Y2S2_FRAMEWORK\BASE\DEBUG\CAMERA3.OBJ
C:\Users\TingYang\Desktop\Y2S2_Framework\Base\Debug\cl.command.1.tlog
C:\Users\TingYang\Desktop\Y2S2_Framework\Base\Debug\CL.read.1.tlog
C:\Users\TingYang\Desktop\Y2S2_Framework\Base\Debug\CL.write.1.tlog
C:\USERS\TINGYANG\DESKTOP\Y2S2_FRAMEWORK\BASE\DEBUG\ENEMY.OBJ
C:\USERS\TINGYANG\DESKTOP\Y2S2_FRAMEWORK\BASE\DEBUG\GAMESTATEMANAGER.OBJ
C:\USERS\TINGYANG\DESKTOP\Y2S2_FRAMEWORK\BASE\DEBUG\GOODIES.OBJ
C:\USERS\TINGYANG\DESKTOP\Y2S2_FRAMEWORK\BASE\DEBUG\GOODIESFACTORY.OBJ
C:\USERS\TINGYANG\DESKTOP\Y2S2_FRAMEWORK\BASE\DEBUG\GRID.OBJ
C:\USERS\TINGYANG\DESKTOP\Y2S2_FRAMEWORK\BASE\DEBUG\INTROSTATE.OBJ
C:\Users\TingYang\Desktop\Y2S2_Framework\Base\Debug\link.command.1.tlog
C:\Users\TingYang\Desktop\Y2S2_Framework\Base\Debug\link.read.1.tlog
C:\Users\TingYang\Desktop\Y2S2_Framework\Base\Debug\link.write.1.tlog
C:\USERS\TINGYANG\DESKTOP\Y2S2_FRAMEWORK\BASE\DEBUG\LOADOBJ.OBJ
C:\USERS\TINGYANG\DESKTOP\Y2S2_FRAMEWORK\BASE\DEBUG\LOADTGA.OBJ
C:\USERS\TINGYANG\DESKTOP\Y2S2_FRAMEWORK\BASE\DEBUG\MAIN.OBJ
C:\USERS\TINGYANG\DESKTOP\Y2S2_FRAMEWORK\BASE\DEBUG\MAP.OBJ
C:\USERS\TINGYANG\DESKTOP\Y2S2_FRAMEWORK\BASE\DEBUG\MENUSTATE.OBJ
C:\USERS\TINGYANG\DESKTOP\Y2S2_FRAMEWORK\BASE\DEBUG\MESH.OBJ
C:\USERS\TINGYANG\DESKTOP\Y2S2_FRAMEWORK\BASE\DEBUG\MESHBUILDER.OBJ
C:\USERS\TINGYANG\DESKTOP\Y2S2_FRAMEWORK\BASE\DEBUG\MINIMAP.OBJ
C:\USERS\TINGYANG\DESKTOP\Y2S2_FRAMEWORK\BASE\DEBUG\MODEL.OBJ
C:\USERS\TINGYANG\DESKTOP\Y2S2_FRAMEWORK\BASE\DEBUG\NODE.OBJ
C:\USERS\TINGYANG\DESKTOP\Y2S2_FRAMEWORK\BASE\DEBUG\PLAYERINFO.OBJ
C:\USERS\TINGYANG\DESKTOP\Y2S2_FRAMEWORK\BASE\DEBUG\PLAYINFO3PV.OBJ
C:\USERS\TINGYANG\DESKTOP\Y2S2_FRAMEWORK\BASE\DEBUG\PLAYSTATE.OBJ
C:\USERS\TINGYANG\DESKTOP\Y2S2_FRAMEWORK\BASE\DEBUG\SCENEINTRO.OBJ
C:\USERS\TINGYANG\DESKTOP\Y2S2_FRAMEWORK\BASE\DEBUG\SCENEMANAGER.OBJ
C:\USERS\TINGYANG\DESKTOP\Y2S2_FRAMEWORK\BASE\DEBUG\SCENEMANAGER2D.OBJ
C:\USERS\TINGYANG\DESKTOP\Y2S2_FRAMEWORK\BASE\DEBUG\SCENEMENU.OBJ
C:\USERS\TINGYANG\DESKTOP\Y2S2_FRAMEWORK\BASE\DEBUG\SCENENODE.OBJ
C:\USERS\TINGYANG\DESKTOP\Y2S2_FRAMEWORK\BASE\DEBUG\SHADER.OBJ
C:\USERS\TINGYANG\DESKTOP\Y2S2_FRAMEWORK\BASE\DEBUG\SPATIALPARTITION.OBJ
C:\USERS\TINGYANG\DESKTOP\Y2S2_FRAMEWORK\BASE\DEBUG\STRATEGY.OBJ
C:\USERS\TINGYANG\DESKTOP\Y2S2_FRAMEWORK\BASE\DEBUG\STRATEGY_KILL.OBJ
C:\USERS\TINGYANG\DESKTOP\Y2S2_FRAMEWORK\BASE\DEBUG\TRANSFORM.OBJ
C:\USERS\TINGYANG\DESKTOP\Y2S2_FRAMEWORK\BASE\DEBUG\TREASURECHEST.OBJ
C:\USERS\TINGYANG\DESKTOP\Y2S2_FRAMEWORK\BASE\DEBUG\UTILITY.OBJ
C:\Users\TingYang\Desktop\Y2S2_Framework\Base\Debug\vc100.idb
C:\USERS\TINGYANG\DESKTOP\Y2S2_FRAMEWORK\BASE\DEBUG\VC100.PDB
